0 info it worked if it ends with ok
1 verbose cli [ 'C:\\Program Files\\nodejs\\\\node.exe',
1 verbose cli   'C:\\Program Files\\nodejs\\node_modules\\npm\\bin\\npm-cli.js',
1 verbose cli   'install',
1 verbose cli   '-g',
1 verbose cli   'n' ]
2 info using npm@1.4.28
3 info using node@v0.10.35
4 verbose node symlink C:\Program Files\nodejs\\node.exe
5 verbose cache add [ 'n', null ]
6 verbose cache add name=undefined spec="n" args=["n",null]
7 verbose parsed url { protocol: null,
7 verbose parsed url   slashes: null,
7 verbose parsed url   auth: null,
7 verbose parsed url   host: null,
7 verbose parsed url   port: null,
7 verbose parsed url   hostname: null,
7 verbose parsed url   hash: null,
7 verbose parsed url   search: null,
7 verbose parsed url   query: null,
7 verbose parsed url   pathname: 'n',
7 verbose parsed url   path: 'n',
7 verbose parsed url   href: 'n' }
8 silly lockFile d1854cae-n n
9 verbose lock n C:\Users\Willy\AppData\Roaming\npm-cache\d1854cae-n.lock
10 silly lockFile d1854cae-n n
11 silly lockFile d1854cae-n n
12 verbose addNamed [ 'n', '' ]
13 verbose addNamed [ null, '*' ]
14 silly lockFile 6b58d7dc-n n@
15 verbose lock n@ C:\Users\Willy\AppData\Roaming\npm-cache\6b58d7dc-n.lock
16 silly addNameRange { name: 'n', range: '*', hasData: false }
17 verbose request where is /n
18 verbose request registry https://registry.npmjs.org/
19 verbose request id dafb156a3bae0c66
20 verbose url raw /n
21 verbose url resolving [ 'https://registry.npmjs.org/', './n' ]
22 verbose url resolved https://registry.npmjs.org/n
23 verbose request where is https://registry.npmjs.org/n
24 info trying registry request attempt 1 at 21:52:55
25 http GET https://registry.npmjs.org/n
26 http 200 https://registry.npmjs.org/n
27 silly registry.get cb [ 200,
27 silly registry.get   { date: 'Thu, 01 Jan 2015 20:52:54 GMT',
27 silly registry.get     server: 'CouchDB/1.5.0 (Erlang OTP/R16B03)',
27 silly registry.get     etag: '"2HTIEM5XYTL67AG7OAGDCESOI"',
27 silly registry.get     'content-type': 'application/json',
27 silly registry.get     'cache-control': 'max-age=60',
27 silly registry.get     'content-length': '38784',
27 silly registry.get     'accept-ranges': 'bytes',
27 silly registry.get     via: '1.1 varnish',
27 silly registry.get     age: '0',
27 silly registry.get     'x-served-by': 'cache-ams4134-AMS',
27 silly registry.get     'x-cache': 'HIT',
27 silly registry.get     'x-cache-hits': '1',
27 silly registry.get     'x-timer': 'S1420145573.779447,VS0,VE642',
27 silly registry.get     vary: 'Accept',
27 silly registry.get     'keep-alive': 'timeout=10, max=50',
27 silly registry.get     connection: 'Keep-Alive' } ]
28 silly addNameRange number 2 { name: 'n', range: '*', hasData: true }
29 silly addNameRange versions [ 'n',
29 silly addNameRange   [ '0.0.1',
29 silly addNameRange     '0.0.2',
29 silly addNameRange     '0.0.3',
29 silly addNameRange     '0.0.4',
29 silly addNameRange     '0.1.0',
29 silly addNameRange     '0.1.1',
29 silly addNameRange     '0.1.2',
29 silly addNameRange     '0.2.0',
29 silly addNameRange     '0.2.1',
29 silly addNameRange     '0.2.2',
29 silly addNameRange     '0.3.0',
29 silly addNameRange     '0.4.0',
29 silly addNameRange     '0.4.1',
29 silly addNameRange     '0.4.2',
29 silly addNameRange     '0.5.0',
29 silly addNameRange     '0.5.1',
29 silly addNameRange     '0.5.2',
29 silly addNameRange     '0.5.3',
29 silly addNameRange     '0.5.4',
29 silly addNameRange     '0.6.0',
29 silly addNameRange     '0.6.1',
29 silly addNameRange     '0.7.0',
29 silly addNameRange     '0.7.1',
29 silly addNameRange     '0.7.2',
29 silly addNameRange     '0.7.3',
29 silly addNameRange     '0.8.0',
29 silly addNameRange     '0.8.1',
29 silly addNameRange     '0.8.2',
29 silly addNameRange     '0.9.0',
29 silly addNameRange     '0.9.1',
29 silly addNameRange     '0.9.2',
29 silly addNameRange     '0.9.3',
29 silly addNameRange     '1.0.0',
29 silly addNameRange     '1.1.0',
29 silly addNameRange     '1.2.1',
29 silly addNameRange     '1.2.2',
29 silly addNameRange     '1.2.3',
29 silly addNameRange     '1.2.4',
29 silly addNameRange     '1.2.5',
29 silly addNameRange     '1.2.6',
29 silly addNameRange     '1.2.7',
29 silly addNameRange     '1.2.8',
29 silly addNameRange     '1.2.9',
29 silly addNameRange     '1.2.11',
29 silly addNameRange     '1.2.13' ] ]
30 verbose addNamed [ 'n', '1.2.13' ]
31 verbose addNamed [ '1.2.13', '1.2.13' ]
32 silly lockFile c0e64dfd-n-1-2-13 n@1.2.13
33 verbose lock n@1.2.13 C:\Users\Willy\AppData\Roaming\npm-cache\c0e64dfd-n-1-2-13.lock
34 silly lockFile b56000b0-egistry-npmjs-org-n-n-1-2-13-tgz https://registry.npmjs.org/n/-/n-1.2.13.tgz
35 verbose lock https://registry.npmjs.org/n/-/n-1.2.13.tgz C:\Users\Willy\AppData\Roaming\npm-cache\b56000b0-egistry-npmjs-org-n-n-1-2-13-tgz.lock
36 verbose addRemoteTarball [ 'https://registry.npmjs.org/n/-/n-1.2.13.tgz',
36 verbose addRemoteTarball   '90922391ba49e2386ae316370915085042074190' ]
37 info retry fetch attempt 1 at 21:52:56
38 verbose fetch to= C:\Users\Willy\AppData\Local\Temp\npm-8568-XA6QToRp\registry.npmjs.org\n\-\n-1.2.13.tgz
39 http GET https://registry.npmjs.org/n/-/n-1.2.13.tgz
40 http 200 https://registry.npmjs.org/n/-/n-1.2.13.tgz
41 silly lockFile b56000b0-egistry-npmjs-org-n-n-1-2-13-tgz https://registry.npmjs.org/n/-/n-1.2.13.tgz
42 silly lockFile b56000b0-egistry-npmjs-org-n-n-1-2-13-tgz https://registry.npmjs.org/n/-/n-1.2.13.tgz
43 silly lockFile c0e64dfd-n-1-2-13 n@1.2.13
44 silly lockFile c0e64dfd-n-1-2-13 n@1.2.13
45 silly lockFile 6b58d7dc-n n@
46 silly lockFile 6b58d7dc-n n@
47 silly resolved [ { name: 'n',
47 silly resolved     description: 'node version manager',
47 silly resolved     version: '1.2.13',
47 silly resolved     author: { name: 'TJ Holowaychuk', email: 'tj@vision-media.ca' },
47 silly resolved     homepage: 'https://github.com/tj/n',
47 silly resolved     bugs: { url: 'https://github.com/tj/n/issues' },
47 silly resolved     contributors: [ [Object] ],
47 silly resolved     keywords:
47 silly resolved      [ 'nvm',
47 silly resolved        'node',
47 silly resolved        'version',
47 silly resolved        'manager',
47 silly resolved        'switcher',
47 silly resolved        'node',
47 silly resolved        'binary',
47 silly resolved        'env' ],
47 silly resolved     bin: { n: './bin/n' },
47 silly resolved     repository: { type: 'git', url: 'git://github.com/tj/n.git' },
47 silly resolved     preferGlobal: true,
47 silly resolved     os: [ '!win32' ],
47 silly resolved     engines: { node: '*' },
47 silly resolved     license: 'MIT',
47 silly resolved     _id: 'n@1.2.13',
47 silly resolved     dist:
47 silly resolved      { shasum: '90922391ba49e2386ae316370915085042074190',
47 silly resolved        tarball: 'http://registry.npmjs.org/n/-/n-1.2.13.tgz' },
47 silly resolved     _from: 'n@',
47 silly resolved     _npmVersion: '1.2.30',
47 silly resolved     _npmUser: { name: 'tjwebb', email: 'me@traviswebb.com' },
47 silly resolved     maintainers: [ [Object], [Object], [Object] ],
47 silly resolved     directories: {},
47 silly resolved     _shasum: '90922391ba49e2386ae316370915085042074190',
47 silly resolved     _resolved: 'https://registry.npmjs.org/n/-/n-1.2.13.tgz' } ]
48 info install n@1.2.13 into C:\Users\Willy\AppData\Roaming\npm
49 info installOne n@1.2.13
50 error notsup Unsupported
50 error notsup Not compatible with your operating system or architecture: n@1.2.13
50 error notsup Valid OS:    !win32
50 error notsup Valid Arch:  any
50 error notsup Actual OS:   win32
50 error notsup Actual Arch: x64
51 error System Windows_NT 6.2.9200
52 error command "C:\\Program Files\\nodejs\\\\node.exe" "C:\\Program Files\\nodejs\\node_modules\\npm\\bin\\npm-cli.js" "install" "-g" "n"
53 error cwd G:\Dev\BoardOS
54 error node -v v0.10.35
55 error npm -v 1.4.28
56 error code EBADPLATFORM
57 verbose exit [ 1, true ]
